<?xml version="1.0" encoding="UTF-8"?>
<!-- Generated by org.testng.reporters.JUnitXMLReporter -->
<testsuite ignored="9" hostname="MyprogramC28" failures="0" tests="1" name="Default test" time="27.336" errors="0" timestamp="2025-08-20T22:27:56 IST">
  <testcase classname="miniProjt.PageObject_eBay" name="login" time="6.191"/>
  <testcase classname="miniProjt.PageObject_eBay" name="selectbyCategory" time="0.0">
    <ignored/>
  </testcase> <!-- selectbyCategory -->
  <testcase classname="miniProjt.PageObject_eBay" name="changeAdress" time="0.0">
    <ignored/>
  </testcase> <!-- changeAdress -->
  <testcase classname="miniProjt.PageObject_eBay" name="productDetails" time="0.0">
    <ignored/>
  </testcase> <!-- productDetails -->
  <testcase classname="miniProjt.PageObject_eBay" name="deleteCart" time="0.0">
    <ignored/>
  </testcase> <!-- deleteCart -->
  <testcase classname="miniProjt.PageObject_eBay" name="addToCart" time="0.0">
    <ignored/>
  </testcase> <!-- addToCart -->
  <testcase classname="miniProjt.PageObject_eBay" name="changeLanguage" time="0.0">
    <ignored/>
  </testcase> <!-- changeLanguage -->
  <testcase classname="miniProjt.PageObject_eBay" name="searchMultiple" time="0.0">
    <ignored/>
  </testcase> <!-- searchMultiple -->
  <testcase classname="miniProjt.PageObject_eBay" name="selectbyAll" time="0.0">
    <ignored/>
  </testcase> <!-- selectbyAll -->
  <testcase classname="miniProjt.PageObject_eBay" name="changeLoginName" time="0.0">
    <ignored/>
  </testcase> <!-- changeLoginName -->
</testsuite> <!-- Default test -->
