<?xml version="1.0" encoding="UTF-8"?>
<testng-results ignored="9" total="10" passed="1" failed="0" skipped="0">
  <reporter-output>
  </reporter-output>
  <suite started-at="2025-08-20T22:27:29 IST" name="Default suite" finished-at="2025-08-20T22:27:56 IST" duration-ms="27336">
    <groups>
    </groups>
    <test started-at="2025-08-20T22:27:29 IST" name="Default test" finished-at="2025-08-20T22:27:56 IST" duration-ms="27336">
      <class name="miniProjt.PageObject_eBay">
        <test-method is-config="true" signature="beforeTest()[pri:0, instance:miniProjt.PageObject_eBay@38afe297]" started-at="2025-08-20T22:27:29 IST" name="beforeTest" finished-at="2025-08-20T22:27:41 IST" duration-ms="11747" status="PASS">
          <reporter-output>
          </reporter-output>
        </test-method> <!-- beforeTest -->
        <test-method signature="login()[pri:0, instance:miniProjt.PageObject_eBay@38afe297]" started-at="2025-08-20T22:27:41 IST" name="login" finished-at="2025-08-20T22:27:47 IST" duration-ms="6191" status="PASS">
          <reporter-output>
          </reporter-output>
        </test-method> <!-- login -->
        <test-method is-config="true" signature="afterTest()[pri:0, instance:miniProjt.PageObject_eBay@38afe297]" started-at="2025-08-20T22:27:47 IST" name="afterTest" finished-at="2025-08-20T22:27:56 IST" duration-ms="9317" status="PASS">
          <reporter-output>
          </reporter-output>
        </test-method> <!-- afterTest -->
      </class> <!-- miniProjt.PageObject_eBay -->
    </test> <!-- Default test -->
  </suite> <!-- Default suite -->
</testng-results>
